<?xml version="1.0" encoding="UTF-8"?>
<!-- Generated by org.testng.reporters.JUnitXMLReporter -->
<testsuite hostname="jorge" name="Default test" tests="2" failures="0" timestamp="24 Apr 2018 13:28:03 GMT" time="4.119" errors="0">
  <testcase name="concurrentTest" time="2.085" classname="com.almundo.callcenter.ConcurrentlyCase4Tests"/>
  <testcase name="concurrentTest_10_threads_at_time" time="2.007" classname="com.almundo.callcenter.ConcurrentlyCase4Tests"/>
</testsuite> <!-- Default test -->
