<?xml version="1.0" encoding="UTF-8"?>
<testng-results skipped="0" failed="0" total="1" passed="1">
  <reporter-output>
  </reporter-output>
  <suite name="Default suite" duration-ms="2050" started-at="2018-04-24T04:56:42Z" finished-at="2018-04-24T04:56:44Z">
    <groups>
    </groups>
    <test name="Default test" duration-ms="2050" started-at="2018-04-24T04:56:42Z" finished-at="2018-04-24T04:56:44Z">
      <class name="com.almundo.callcenter.semaphore.CallCenterRunTest">
        <test-method status="PASS" signature="callSemaphore()[pri:0, instance:com.almundo.callcenter.semaphore.CallCenterRunTest@9660f4e]" name="callSemaphore" duration-ms="2028" started-at="2018-04-23T23:56:42Z" finished-at="2018-04-23T23:56:44Z">
          <reporter-output>
          </reporter-output>
        </test-method> <!-- callSemaphore -->
      </class> <!-- com.almundo.callcenter.semaphore.CallCenterRunTest -->
    </test> <!-- Default test -->
  </suite> <!-- Default suite -->
</testng-results>
