<?xml version="1.0" encoding="UTF-8"?>
<testng-results skipped="0" failed="0" total="2" passed="2">
  <reporter-output>
  </reporter-output>
  <suite name="Default suite" duration-ms="4119" started-at="2018-04-24T13:27:59Z" finished-at="2018-04-24T13:28:03Z">
    <groups>
    </groups>
    <test name="Default test" duration-ms="4119" started-at="2018-04-24T13:27:59Z" finished-at="2018-04-24T13:28:03Z">
      <class name="com.almundo.callcenter.ConcurrentlyCase4Tests">
        <test-method status="PASS" signature="concurrentTest()[pri:0, instance:com.almundo.callcenter.ConcurrentlyCase4Tests@5a8806ef]" name="concurrentTest" duration-ms="2085" started-at="2018-04-24T08:27:59Z" finished-at="2018-04-24T08:28:01Z">
          <reporter-output>
          </reporter-output>
        </test-method> <!-- concurrentTest -->
        <test-method status="PASS" signature="concurrentTest_10_threads_at_time()[pri:0, instance:com.almundo.callcenter.ConcurrentlyCase4Tests@5a8806ef]" name="concurrentTest_10_threads_at_time" duration-ms="2007" started-at="2018-04-24T08:28:01Z" finished-at="2018-04-24T08:28:03Z">
          <reporter-output>
          </reporter-output>
        </test-method> <!-- concurrentTest_10_threads_at_time -->
      </class> <!-- com.almundo.callcenter.ConcurrentlyCase4Tests -->
    </test> <!-- Default test -->
  </suite> <!-- Default suite -->
</testng-results>
